C:\Program Files\Microsoft Visual Studio\2022\Community\MSBuild\Microsoft\VC\v170\Microsoft.CppBuild.targets(1119,5): warning MSB8027: 이름이 window.c인 둘 이상의 파일이 같은 위치에 출력을 생성합니다. 이로 인해 잘못된 빌드 결과가 나타날 수 있습니다.  관련된 파일은 ..\..\..\..\Desktop\Potfolio\glfw-3.4\glfw-3.4\src\window.c, ..\..\..\..\Desktop\Potfolio\glfw-3.4\glfw-3.4\tests\window.c입니다.
  getopt.c
  tinycthread.c
C:\Users\USER\Desktop\Potfolio\glfw-3.4\glfw-3.4\deps\tinycthread.h(1,1): warning C4819: 현재 코드 페이지(949)에서 표시할 수 없는 문자가 파일에 들어 있습니다. 데이터가 손실되지 않게 하려면 해당 파일을 유니코드 형식으로 저장하십시오.
  (소스 파일 '../../../../Desktop/Potfolio/glfw-3.4/glfw-3.4/deps/tinycthread.c'을(를) 컴파일하는 중)
  
C:\Users\USER\Desktop\Potfolio\glfw-3.4\glfw-3.4\deps\tinycthread.c(582,3): error C4996: '_ftime64': This function or variable may be unsafe. Consider using _ftime64_s instead. To disable deprecation, use _CRT_SECURE_NO_WARNINGS. See online help for details.
  boing.c
C:\Users\USER\Desktop\Potfolio\glfw-3.4\glfw-3.4\examples\boing.c(40,10): error C1083: 포함 파일을 열 수 없습니다. 'glad/gl.h': No such file or directory
  gears.c
C:\Users\USER\Desktop\Potfolio\glfw-3.4\glfw-3.4\examples\gears.c(35,10): error C1083: 포함 파일을 열 수 없습니다. 'glad/gl.h': No such file or directory
  heightmap.c
C:\Users\USER\Desktop\Potfolio\glfw-3.4\glfw-3.4\examples\heightmap.c(33,10): error C1083: 포함 파일을 열 수 없습니다. 'glad/gl.h': No such file or directory
  offscreen.c
C:\Users\USER\Desktop\Potfolio\glfw-3.4\glfw-3.4\examples\offscreen.c(27,10): error C1083: 포함 파일을 열 수 없습니다. 'glad/gl.h': No such file or directory
  particles.c
C:\Users\USER\Desktop\Potfolio\glfw-3.4\glfw-3.4\examples\particles.c(38,10): error C1083: 포함 파일을 열 수 없습니다. 'tinycthread.h': No such file or directory
  sharing.c
C:\Users\USER\Desktop\Potfolio\glfw-3.4\glfw-3.4\examples\sharing.c(27,10): error C1083: 포함 파일을 열 수 없습니다. 'glad/gl.h': No such file or directory
  splitview.c
C:\Users\USER\Desktop\Potfolio\glfw-3.4\glfw-3.4\examples\splitview.c(14,10): error C1083: 포함 파일을 열 수 없습니다. 'glad/gl.h': No such file or directory
  triangle-opengl.c
C:\Users\USER\Desktop\Potfolio\glfw-3.4\glfw-3.4\examples\triangle-opengl.c(28,10): error C1083: 포함 파일을 열 수 없습니다. 'glad/gl.h': No such file or directory
  triangle-opengles.c
C:\Users\USER\Desktop\Potfolio\glfw-3.4\glfw-3.4\examples\triangle-opengles.c(27,10): error C1083: 포함 파일을 열 수 없습니다. 'glad/gles2.h': No such file or directory
  wave.c
C:\Users\USER\Desktop\Potfolio\glfw-3.4\glfw-3.4\examples\wave.c(21,10): error C1083: 포함 파일을 열 수 없습니다. 'glad/gl.h': No such file or directory
  windows.c
C:\Users\USER\Desktop\Potfolio\glfw-3.4\glfw-3.4\examples\windows.c(27,10): error C1083: 포함 파일을 열 수 없습니다. 'glad/gl.h': No such file or directory
  cocoa_time.c
C:\Users\USER\Desktop\Potfolio\glfw-3.4\glfw-3.4\include\GLFW\glfw3.h(3235,1): warning C4819: 현재 코드 페이지(949)에서 표시할 수 없는 문자가 파일에 들어 있습니다. 데이터가 손실되지 않게 하려면 해당 파일을 유니코드 형식으로 저장하십시오.
  (소스 파일 '../../../../Desktop/Potfolio/glfw-3.4/glfw-3.4/src/cocoa_time.c'을(를) 컴파일하는 중)
  
  context.c
C:\Users\USER\Desktop\Potfolio\glfw-3.4\glfw-3.4\include\GLFW\glfw3.h(3235,1): warning C4819: 현재 코드 페이지(949)에서 표시할 수 없는 문자가 파일에 들어 있습니다. 데이터가 손실되지 않게 하려면 해당 파일을 유니코드 형식으로 저장하십시오.
  (소스 파일 '../../../../Desktop/Potfolio/glfw-3.4/glfw-3.4/src/context.c'을(를) 컴파일하는 중)
  
C:\Users\USER\Desktop\Potfolio\glfw-3.4\glfw-3.4\src\context.c(408,10): error C4996: 'sscanf': This function or variable may be unsafe. Consider using sscanf_s instead. To disable deprecation, use _CRT_SECURE_NO_WARNINGS. See online help for details.
  egl_context.c
C:\Users\USER\Desktop\Potfolio\glfw-3.4\glfw-3.4\include\GLFW\glfw3.h(3235,1): warning C4819: 현재 코드 페이지(949)에서 표시할 수 없는 문자가 파일에 들어 있습니다. 데이터가 손실되지 않게 하려면 해당 파일을 유니코드 형식으로 저장하십시오.
  (소스 파일 '../../../../Desktop/Potfolio/glfw-3.4/glfw-3.4/src/egl_context.c'을(를) 컴파일하는 중)
  
  glx_context.c
C:\Users\USER\Desktop\Potfolio\glfw-3.4\glfw-3.4\include\GLFW\glfw3.h(3235,1): warning C4819: 현재 코드 페이지(949)에서 표시할 수 없는 문자가 파일에 들어 있습니다. 데이터가 손실되지 않게 하려면 해당 파일을 유니코드 형식으로 저장하십시오.
  (소스 파일 '../../../../Desktop/Potfolio/glfw-3.4/glfw-3.4/src/glx_context.c'을(를) 컴파일하는 중)
  
  init.c
C:\Users\USER\Desktop\Potfolio\glfw-3.4\glfw-3.4\include\GLFW\glfw3.h(3235,1): warning C4819: 현재 코드 페이지(949)에서 표시할 수 없는 문자가 파일에 들어 있습니다. 데이터가 손실되지 않게 하려면 해당 파일을 유니코드 형식으로 저장하십시오.
  (소스 파일 '../../../../Desktop/Potfolio/glfw-3.4/glfw-3.4/src/init.c'을(를) 컴파일하는 중)
  
C:\Users\USER\Desktop\Potfolio\glfw-3.4\glfw-3.4\src\init.c(189,20): error C4996: 'strtok': This function or variable may be unsafe. Consider using strtok_s instead. To disable deprecation, use _CRT_SECURE_NO_WARNINGS. See online help for details.
C:\Users\USER\Desktop\Potfolio\glfw-3.4\glfw-3.4\src\init.c(235,5): error C4996: 'strcpy': This function or variable may be unsafe. Consider using strcpy_s instead. To disable deprecation, use _CRT_SECURE_NO_WARNINGS. See online help for details.
C:\Users\USER\Desktop\Potfolio\glfw-3.4\glfw-3.4\src\init.c(327,13): error C4996: 'strcpy': This function or variable may be unsafe. Consider using strcpy_s instead. To disable deprecation, use _CRT_SECURE_NO_WARNINGS. See online help for details.
C:\Users\USER\Desktop\Potfolio\glfw-3.4\glfw-3.4\src\init.c(329,13): error C4996: 'strcpy': This function or variable may be unsafe. Consider using strcpy_s instead. To disable deprecation, use _CRT_SECURE_NO_WARNINGS. See online help for details.
C:\Users\USER\Desktop\Potfolio\glfw-3.4\glfw-3.4\src\init.c(331,13): error C4996: 'strcpy': This function or variable may be unsafe. Consider using strcpy_s instead. To disable deprecation, use _CRT_SECURE_NO_WARNINGS. See online help for details.
C:\Users\USER\Desktop\Potfolio\glfw-3.4\glfw-3.4\src\init.c(333,13): error C4996: 'strcpy': This function or variable may be unsafe. Consider using strcpy_s instead. To disable deprecation, use _CRT_SECURE_NO_WARNINGS. See online help for details.
C:\Users\USER\Desktop\Potfolio\glfw-3.4\glfw-3.4\src\init.c(335,13): error C4996: 'strcpy': This function or variable may be unsafe. Consider using strcpy_s instead. To disable deprecation, use _CRT_SECURE_NO_WARNINGS. See online help for details.
C:\Users\USER\Desktop\Potfolio\glfw-3.4\glfw-3.4\src\init.c(337,13): error C4996: 'strcpy': This function or variable may be unsafe. Consider using strcpy_s instead. To disable deprecation, use _CRT_SECURE_NO_WARNINGS. See online help for details.
C:\Users\USER\Desktop\Potfolio\glfw-3.4\glfw-3.4\src\init.c(339,13): error C4996: 'strcpy': This function or variable may be unsafe. Consider using strcpy_s instead. To disable deprecation, use _CRT_SECURE_NO_WARNINGS. See online help for details.
C:\Users\USER\Desktop\Potfolio\glfw-3.4\glfw-3.4\src\init.c(341,13): error C4996: 'strcpy': This function or variable may be unsafe. Consider using strcpy_s instead. To disable deprecation, use _CRT_SECURE_NO_WARNINGS. See online help for details.
C:\Users\USER\Desktop\Potfolio\glfw-3.4\glfw-3.4\src\init.c(343,13): error C4996: 'strcpy': This function or variable may be unsafe. Consider using strcpy_s instead. To disable deprecation, use _CRT_SECURE_NO_WARNINGS. See online help for details.
C:\Users\USER\Desktop\Potfolio\glfw-3.4\glfw-3.4\src\init.c(345,13): error C4996: 'strcpy': This function or variable may be unsafe. Consider using strcpy_s instead. To disable deprecation, use _CRT_SECURE_NO_WARNINGS. See online help for details.
C:\Users\USER\Desktop\Potfolio\glfw-3.4\glfw-3.4\src\init.c(347,13): error C4996: 'strcpy': This function or variable may be unsafe. Consider using strcpy_s instead. To disable deprecation, use _CRT_SECURE_NO_WARNINGS. See online help for details.
C:\Users\USER\Desktop\Potfolio\glfw-3.4\glfw-3.4\src\init.c(349,13): error C4996: 'strcpy': This function or variable may be unsafe. Consider using strcpy_s instead. To disable deprecation, use _CRT_SECURE_NO_WARNINGS. See online help for details.
C:\Users\USER\Desktop\Potfolio\glfw-3.4\glfw-3.4\src\init.c(351,13): error C4996: 'strcpy': This function or variable may be unsafe. Consider using strcpy_s instead. To disable deprecation, use _CRT_SECURE_NO_WARNINGS. See online help for details.
C:\Users\USER\Desktop\Potfolio\glfw-3.4\glfw-3.4\src\init.c(353,13): error C4996: 'strcpy': This function or variable may be unsafe. Consider using strcpy_s instead. To disable deprecation, use _CRT_SECURE_NO_WARNINGS. See online help for details.
C:\Users\USER\Desktop\Potfolio\glfw-3.4\glfw-3.4\src\init.c(355,13): error C4996: 'strcpy': This function or variable may be unsafe. Consider using strcpy_s instead. To disable deprecation, use _CRT_SECURE_NO_WARNINGS. See online help for details.
C:\Users\USER\Desktop\Potfolio\glfw-3.4\glfw-3.4\src\init.c(375,5): error C4996: 'strcpy': This function or variable may be unsafe. Consider using strcpy_s instead. To disable deprecation, use _CRT_SECURE_NO_WARNINGS. See online help for details.
  input.c
C:\Users\USER\Desktop\Potfolio\glfw-3.4\glfw-3.4\include\GLFW\glfw3.h(3235,1): warning C4819: 현재 코드 페이지(949)에서 표시할 수 없는 문자가 파일에 들어 있습니다. 데이터가 손실되지 않게 하려면 해당 파일을 유니코드 형식으로 저장하십시오.
  (소스 파일 '../../../../Desktop/Potfolio/glfw-3.4/glfw-3.4/src/input.c'을(를) 컴파일하는 중)
  
C:\Users\USER\Desktop\Potfolio\glfw-3.4\glfw-3.4\src\input.c(489,26): warning C4034: sizeof가 0을 반환합니다.
C:\Users\USER\Desktop\Potfolio\glfw-3.4\glfw-3.4\src\input.c(528,5): error C4996: 'strncpy': This function or variable may be unsafe. Consider using strncpy_s instead. To disable deprecation, use _CRT_SECURE_NO_WARNINGS. See online help for details.
C:\Users\USER\Desktop\Potfolio\glfw-3.4\glfw-3.4\src\input.c(529,5): error C4996: 'strncpy': This function or variable may be unsafe. Consider using strncpy_s instead. To disable deprecation, use _CRT_SECURE_NO_WARNINGS. See online help for details.
  linux_joystick.c
C:\Users\USER\Desktop\Potfolio\glfw-3.4\glfw-3.4\include\GLFW\glfw3.h(3235,1): warning C4819: 현재 코드 페이지(949)에서 표시할 수 없는 문자가 파일에 들어 있습니다. 데이터가 손실되지 않게 하려면 해당 파일을 유니코드 형식으로 저장하십시오.
  (소스 파일 '../../../../Desktop/Potfolio/glfw-3.4/glfw-3.4/src/linux_joystick.c'을(를) 컴파일하는 중)
  
  코드를 생성하고 있습니다...
  컴파일하고 있습니다...
  monitor.c
C:\Users\USER\Desktop\Potfolio\glfw-3.4\glfw-3.4\include\GLFW\glfw3.h(3235,1): warning C4819: 현재 코드 페이지(949)에서 표시할 수 없는 문자가 파일에 들어 있습니다. 데이터가 손실되지 않게 하려면 해당 파일을 유니코드 형식으로 저장하십시오.
  (소스 파일 '../../../../Desktop/Potfolio/glfw-3.4/glfw-3.4/src/monitor.c'을(를) 컴파일하는 중)
  
C:\Users\USER\Desktop\Potfolio\glfw-3.4\glfw-3.4\src\monitor.c(177,5): error C4996: 'strncpy': This function or variable may be unsafe. Consider using strncpy_s instead. To disable deprecation, use _CRT_SECURE_NO_WARNINGS. See online help for details.
  null_init.c
C:\Users\USER\Desktop\Potfolio\glfw-3.4\glfw-3.4\include\GLFW\glfw3.h(3235,1): warning C4819: 현재 코드 페이지(949)에서 표시할 수 없는 문자가 파일에 들어 있습니다. 데이터가 손실되지 않게 하려면 해당 파일을 유니코드 형식으로 저장하십시오.
  (소스 파일 '../../../../Desktop/Potfolio/glfw-3.4/glfw-3.4/src/null_init.c'을(를) 컴파일하는 중)
  
  null_joystick.c
C:\Users\USER\Desktop\Potfolio\glfw-3.4\glfw-3.4\include\GLFW\glfw3.h(3235,1): warning C4819: 현재 코드 페이지(949)에서 표시할 수 없는 문자가 파일에 들어 있습니다. 데이터가 손실되지 않게 하려면 해당 파일을 유니코드 형식으로 저장하십시오.
  (소스 파일 '../../../../Desktop/Potfolio/glfw-3.4/glfw-3.4/src/null_joystick.c'을(를) 컴파일하는 중)
  
  null_monitor.c
C:\Users\USER\Desktop\Potfolio\glfw-3.4\glfw-3.4\include\GLFW\glfw3.h(3235,1): warning C4819: 현재 코드 페이지(949)에서 표시할 수 없는 문자가 파일에 들어 있습니다. 데이터가 손실되지 않게 하려면 해당 파일을 유니코드 형식으로 저장하십시오.
  (소스 파일 '../../../../Desktop/Potfolio/glfw-3.4/glfw-3.4/src/null_monitor.c'을(를) 컴파일하는 중)
  
  null_window.c
C:\Users\USER\Desktop\Potfolio\glfw-3.4\glfw-3.4\include\GLFW\glfw3.h(3235,1): warning C4819: 현재 코드 페이지(949)에서 표시할 수 없는 문자가 파일에 들어 있습니다. 데이터가 손실되지 않게 하려면 해당 파일을 유니코드 형식으로 저장하십시오.
  (소스 파일 '../../../../Desktop/Potfolio/glfw-3.4/glfw-3.4/src/null_window.c'을(를) 컴파일하는 중)
  
  osmesa_context.c
C:\Users\USER\Desktop\Potfolio\glfw-3.4\glfw-3.4\include\GLFW\glfw3.h(3235,1): warning C4819: 현재 코드 페이지(949)에서 표시할 수 없는 문자가 파일에 들어 있습니다. 데이터가 손실되지 않게 하려면 해당 파일을 유니코드 형식으로 저장하십시오.
  (소스 파일 '../../../../Desktop/Potfolio/glfw-3.4/glfw-3.4/src/osmesa_context.c'을(를) 컴파일하는 중)
  
  platform.c
C:\Users\USER\Desktop\Potfolio\glfw-3.4\glfw-3.4\include\GLFW\glfw3.h(3235,1): warning C4819: 현재 코드 페이지(949)에서 표시할 수 없는 문자가 파일에 들어 있습니다. 데이터가 손실되지 않게 하려면 해당 파일을 유니코드 형식으로 저장하십시오.
  (소스 파일 '../../../../Desktop/Potfolio/glfw-3.4/glfw-3.4/src/platform.c'을(를) 컴파일하는 중)
  
C:\Users\USER\Desktop\Potfolio\glfw-3.4\glfw-3.4\src\platform.c(63,26): warning C4034: sizeof가 0을 반환합니다.
C:\Users\USER\Desktop\Potfolio\glfw-3.4\glfw-3.4\src\platform.c(143,26): warning C4034: sizeof가 0을 반환합니다.
  posix_module.c
C:\Users\USER\Desktop\Potfolio\glfw-3.4\glfw-3.4\include\GLFW\glfw3.h(3235,1): warning C4819: 현재 코드 페이지(949)에서 표시할 수 없는 문자가 파일에 들어 있습니다. 데이터가 손실되지 않게 하려면 해당 파일을 유니코드 형식으로 저장하십시오.
  (소스 파일 '../../../../Desktop/Potfolio/glfw-3.4/glfw-3.4/src/posix_module.c'을(를) 컴파일하는 중)
  
  posix_poll.c
C:\Users\USER\Desktop\Potfolio\glfw-3.4\glfw-3.4\include\GLFW\glfw3.h(3235,1): warning C4819: 현재 코드 페이지(949)에서 표시할 수 없는 문자가 파일에 들어 있습니다. 데이터가 손실되지 않게 하려면 해당 파일을 유니코드 형식으로 저장하십시오.
  (소스 파일 '../../../../Desktop/Potfolio/glfw-3.4/glfw-3.4/src/posix_poll.c'을(를) 컴파일하는 중)
  
  posix_thread.c
C:\Users\USER\Desktop\Potfolio\glfw-3.4\glfw-3.4\include\GLFW\glfw3.h(3235,1): warning C4819: 현재 코드 페이지(949)에서 표시할 수 없는 문자가 파일에 들어 있습니다. 데이터가 손실되지 않게 하려면 해당 파일을 유니코드 형식으로 저장하십시오.
  (소스 파일 '../../../../Desktop/Potfolio/glfw-3.4/glfw-3.4/src/posix_thread.c'을(를) 컴파일하는 중)
  
  posix_time.c
C:\Users\USER\Desktop\Potfolio\glfw-3.4\glfw-3.4\include\GLFW\glfw3.h(3235,1): warning C4819: 현재 코드 페이지(949)에서 표시할 수 없는 문자가 파일에 들어 있습니다. 데이터가 손실되지 않게 하려면 해당 파일을 유니코드 형식으로 저장하십시오.
  (소스 파일 '../../../../Desktop/Potfolio/glfw-3.4/glfw-3.4/src/posix_time.c'을(를) 컴파일하는 중)
  
  vulkan.c
C:\Users\USER\Desktop\Potfolio\glfw-3.4\glfw-3.4\include\GLFW\glfw3.h(3235,1): warning C4819: 현재 코드 페이지(949)에서 표시할 수 없는 문자가 파일에 들어 있습니다. 데이터가 손실되지 않게 하려면 해당 파일을 유니코드 형식으로 저장하십시오.
  (소스 파일 '../../../../Desktop/Potfolio/glfw-3.4/glfw-3.4/src/vulkan.c'을(를) 컴파일하는 중)
  
  wgl_context.c
C:\Users\USER\Desktop\Potfolio\glfw-3.4\glfw-3.4\include\GLFW\glfw3.h(3235,1): warning C4819: 현재 코드 페이지(949)에서 표시할 수 없는 문자가 파일에 들어 있습니다. 데이터가 손실되지 않게 하려면 해당 파일을 유니코드 형식으로 저장하십시오.
  (소스 파일 '../../../../Desktop/Potfolio/glfw-3.4/glfw-3.4/src/wgl_context.c'을(를) 컴파일하는 중)
  
  win32_init.c
C:\Users\USER\Desktop\Potfolio\glfw-3.4\glfw-3.4\include\GLFW\glfw3.h(3235,1): warning C4819: 현재 코드 페이지(949)에서 표시할 수 없는 문자가 파일에 들어 있습니다. 데이터가 손실되지 않게 하려면 해당 파일을 유니코드 형식으로 저장하십시오.
  (소스 파일 '../../../../Desktop/Potfolio/glfw-3.4/glfw-3.4/src/win32_init.c'을(를) 컴파일하는 중)
  
  win32_joystick.c
C:\Users\USER\Desktop\Potfolio\glfw-3.4\glfw-3.4\include\GLFW\glfw3.h(3235,1): warning C4819: 현재 코드 페이지(949)에서 표시할 수 없는 문자가 파일에 들어 있습니다. 데이터가 손실되지 않게 하려면 해당 파일을 유니코드 형식으로 저장하십시오.
  (소스 파일 '../../../../Desktop/Potfolio/glfw-3.4/glfw-3.4/src/win32_joystick.c'을(를) 컴파일하는 중)
  
  win32_module.c
C:\Users\USER\Desktop\Potfolio\glfw-3.4\glfw-3.4\include\GLFW\glfw3.h(3235,1): warning C4819: 현재 코드 페이지(949)에서 표시할 수 없는 문자가 파일에 들어 있습니다. 데이터가 손실되지 않게 하려면 해당 파일을 유니코드 형식으로 저장하십시오.
  (소스 파일 '../../../../Desktop/Potfolio/glfw-3.4/glfw-3.4/src/win32_module.c'을(를) 컴파일하는 중)
  
  win32_monitor.c
C:\Users\USER\Desktop\Potfolio\glfw-3.4\glfw-3.4\include\GLFW\glfw3.h(3235,1): warning C4819: 현재 코드 페이지(949)에서 표시할 수 없는 문자가 파일에 들어 있습니다. 데이터가 손실되지 않게 하려면 해당 파일을 유니코드 형식으로 저장하십시오.
  (소스 파일 '../../../../Desktop/Potfolio/glfw-3.4/glfw-3.4/src/win32_monitor.c'을(를) 컴파일하는 중)
  
  win32_thread.c
C:\Users\USER\Desktop\Potfolio\glfw-3.4\glfw-3.4\include\GLFW\glfw3.h(3235,1): warning C4819: 현재 코드 페이지(949)에서 표시할 수 없는 문자가 파일에 들어 있습니다. 데이터가 손실되지 않게 하려면 해당 파일을 유니코드 형식으로 저장하십시오.
  (소스 파일 '../../../../Desktop/Potfolio/glfw-3.4/glfw-3.4/src/win32_thread.c'을(를) 컴파일하는 중)
  
  win32_time.c
C:\Users\USER\Desktop\Potfolio\glfw-3.4\glfw-3.4\include\GLFW\glfw3.h(3235,1): warning C4819: 현재 코드 페이지(949)에서 표시할 수 없는 문자가 파일에 들어 있습니다. 데이터가 손실되지 않게 하려면 해당 파일을 유니코드 형식으로 저장하십시오.
  (소스 파일 '../../../../Desktop/Potfolio/glfw-3.4/glfw-3.4/src/win32_time.c'을(를) 컴파일하는 중)
  
  win32_window.c
C:\Users\USER\Desktop\Potfolio\glfw-3.4\glfw-3.4\include\GLFW\glfw3.h(3235,1): warning C4819: 현재 코드 페이지(949)에서 표시할 수 없는 문자가 파일에 들어 있습니다. 데이터가 손실되지 않게 하려면 해당 파일을 유니코드 형식으로 저장하십시오.
  (소스 파일 '../../../../Desktop/Potfolio/glfw-3.4/glfw-3.4/src/win32_window.c'을(를) 컴파일하는 중)
  
  코드를 생성하고 있습니다...
C:\Users\USER\Desktop\Potfolio\glfw-3.4\glfw-3.4\src\platform.c : fatal  error C1001: 내부 컴파일러 오류가 발생했습니다.
  (컴파일러 파일 'D:\a\_work\1\s\src\vctools\Compiler\Utc\src\p2\main.c', 줄 247)
   이 문제를 해결하려면 위 목록에 나오는 위치 부근의 프로그램을 단순화하거나 변경하세요.
  가능한 경우 https://developercommunity.visualstudio.com에서 재현해 주세요.
  자세한 내용을 보려면 Visual C++ [도움말] 메뉴에서 [기술 지원] 명령을
   선택하거나 기술 지원 도움말 파일을 참조하세요.
    CL!RaiseException()+0x6c
    CL!RaiseException()+0x6c
    CL!InvokeCompilerPass()+0x25f
    CL!InvokeCompilerPassW()+0x102e33
    CL!CloseTypeServerPDB()+0x249e4b
    CL!CloseTypeServerPDB()+0x2498af
    CL!CloseTypeServerPDB()+0x2494e9
    CL!InvokeCompilerPassW()+0x80
  'C:\Program Files\Microsoft Visual Studio\2022\Community\VC\Tools\MSVC\14.41.34120\bin\HostX64\x64\CL.exe'에서 내부 컴파일러 오류
      자세한 내용을 보려면 Visual C++ [도움말] 메뉴에서
   [기술 지원] 명령을 선택하거나 기술 지원 도움말 파일을 참조하십시오.
